{"/home/chencao85/projects/tab_hero/src/App.css": {"path":"/home/chencao85/projects/tab_hero/src/App.css","statementMap":{},"fnMap":{},"branchMap":{},"s":{},"f":{},"b":{},"meta":{"lastBranch":0,"lastFunction":0,"lastStatement":0,"seen":{}}}
,"/home/chencao85/projects/tab_hero/src/App.tsx": {"path":"/home/chencao85/projects/tab_hero/src/App.tsx","statementMap":{"0":{"start":{"line":7,"column":24},"end":{"line":7,"column":null}},"1":{"start":{"line":9,"column":2},"end":{"line":31,"column":null}},"2":{"start":{"line":21,"column":31},"end":{"line":21,"column":63}},"3":{"start":{"line":21,"column":51},"end":{"line":21,"column":60}}},"fnMap":{"0":{"name":"App","decl":{"start":{"line":6,"column":9},"end":{"line":6,"column":15}},"loc":{"start":{"line":6,"column":15},"end":{"line":33,"column":null}},"line":6},"1":{"name":"(anonymous_1)","decl":{"start":{"line":21,"column":25},"end":{"line":21,"column":31}},"loc":{"start":{"line":21,"column":31},"end":{"line":21,"column":63}},"line":21},"2":{"name":"(anonymous_2)","decl":{"start":{"line":21,"column":40},"end":{"line":21,"column":41}},"loc":{"start":{"line":21,"column":51},"end":{"line":21,"column":60}},"line":21}},"branchMap":{},"s":{"0":1,"1":1,"2":0,"3":0},"f":{"0":1,"1":0,"2":0},"b":{},"meta":{"lastBranch":0,"lastFunction":3,"lastStatement":4,"seen":{"f:6:9:6:15":0,"s:7:24:7:Infinity":0,"s:9:2:31:Infinity":1,"f:21:25:21:31":1,"s:21:31:21:63":2,"f:21:40:21:41":2,"s:21:51:21:60":3}}}
,"/home/chencao85/projects/tab_hero/src/assets/react.svg": {"path":"/home/chencao85/projects/tab_hero/src/assets/react.svg","statementMap":{},"fnMap":{},"branchMap":{},"s":{},"f":{},"b":{},"meta":{"lastBranch":0,"lastFunction":0,"lastStatement":0,"seen":{}}}
,"/home/chencao85/projects/tab_hero/src/lib/history.ts": {"path":"/home/chencao85/projects/tab_hero/src/lib/history.ts","statementMap":{"0":{"start":{"line":2,"column":28},"end":{"line":2,"column":null}},"1":{"start":{"line":6,"column":4},"end":{"line":6,"column":null}},"2":{"start":{"line":11,"column":4},"end":{"line":11,"column":null}},"3":{"start":{"line":11,"column":43},"end":{"line":11,"column":55}},"4":{"start":{"line":13,"column":4},"end":{"line":13,"column":null}},"5":{"start":{"line":16,"column":4},"end":{"line":18,"column":null}},"6":{"start":{"line":17,"column":6},"end":{"line":17,"column":null}},"7":{"start":{"line":23,"column":4},"end":{"line":26,"column":null}},"8":{"start":{"line":24,"column":6},"end":{"line":24,"column":null}},"9":{"start":{"line":25,"column":6},"end":{"line":25,"column":null}},"10":{"start":{"line":37,"column":4},"end":{"line":37,"column":null}},"11":{"start":{"line":38,"column":4},"end":{"line":38,"column":null}},"12":{"start":{"line":42,"column":4},"end":{"line":44,"column":null}},"13":{"start":{"line":43,"column":6},"end":{"line":43,"column":null}},"14":{"start":{"line":45,"column":4},"end":{"line":45,"column":null}},"15":{"start":{"line":49,"column":4},"end":{"line":49,"column":null}},"16":{"start":{"line":53,"column":4},"end":{"line":53,"column":null}},"17":{"start":{"line":53,"column":43},"end":{"line":53,"column":55}}},"fnMap":{"0":{"name":"(anonymous_0)","decl":{"start":{"line":5,"column":2},"end":{"line":5,"column":14}},"loc":{"start":{"line":5,"column":36},"end":{"line":7,"column":null}},"line":5},"1":{"name":"(anonymous_1)","decl":{"start":{"line":9,"column":2},"end":{"line":9,"column":7}},"loc":{"start":{"line":9,"column":22},"end":{"line":19,"column":null}},"line":9},"2":{"name":"(anonymous_2)","decl":{"start":{"line":11,"column":35},"end":{"line":11,"column":36}},"loc":{"start":{"line":11,"column":43},"end":{"line":11,"column":55}},"line":11},"3":{"name":"(anonymous_3)","decl":{"start":{"line":21,"column":2},"end":{"line":21,"column":28}},"loc":{"start":{"line":21,"column":28},"end":{"line":39,"column":null}},"line":21},"4":{"name":"(anonymous_4)","decl":{"start":{"line":41,"column":2},"end":{"line":41,"column":37}},"loc":{"start":{"line":41,"column":37},"end":{"line":46,"column":null}},"line":41},"5":{"name":"(anonymous_5)","decl":{"start":{"line":48,"column":2},"end":{"line":48,"column":23}},"loc":{"start":{"line":48,"column":23},"end":{"line":50,"column":null}},"line":48},"6":{"name":"(anonymous_6)","decl":{"start":{"line":52,"column":2},"end":{"line":52,"column":9}},"loc":{"start":{"line":52,"column":24},"end":{"line":54,"column":null}},"line":52},"7":{"name":"(anonymous_7)","decl":{"start":{"line":53,"column":35},"end":{"line":53,"column":36}},"loc":{"start":{"line":53,"column":43},"end":{"line":53,"column":55}},"line":53}},"branchMap":{"0":{"loc":{"start":{"line":5,"column":14},"end":{"line":5,"column":36}},"type":"default-arg","locations":[{"start":{"line":5,"column":32},"end":{"line":5,"column":36}}],"line":5},"1":{"loc":{"start":{"line":16,"column":4},"end":{"line":18,"column":null}},"type":"if","locations":[{"start":{"line":16,"column":4},"end":{"line":18,"column":null}},{"start":{},"end":{}}],"line":16},"2":{"loc":{"start":{"line":23,"column":4},"end":{"line":26,"column":null}},"type":"if","locations":[{"start":{"line":23,"column":4},"end":{"line":26,"column":null}},{"start":{},"end":{}}],"line":23},"3":{"loc":{"start":{"line":42,"column":4},"end":{"line":44,"column":null}},"type":"if","locations":[{"start":{"line":42,"column":4},"end":{"line":44,"column":null}},{"start":{},"end":{}}],"line":42}},"s":{"0":8,"1":8,"2":17,"3":23,"4":17,"5":17,"6":1,"7":2,"8":1,"9":1,"10":1,"11":1,"12":1,"13":1,"14":0,"15":8,"16":1,"17":3},"f":{"0":8,"1":17,"2":23,"3":2,"4":1,"5":8,"6":1,"7":3},"b":{"0":[8],"1":[1,16],"2":[1,1],"3":[1,0]},"meta":{"lastBranch":4,"lastFunction":8,"lastStatement":18,"seen":{"s:2:28:2:Infinity":0,"f:5:2:5:14":0,"b:5:32:5:36":0,"s:6:4:6:Infinity":1,"f:9:2:9:7":1,"s:11:4:11:Infinity":2,"f:11:35:11:36":2,"s:11:43:11:55":3,"s:13:4:13:Infinity":4,"b:16:4:18:Infinity:undefined:undefined:undefined:undefined":1,"s:16:4:18:Infinity":5,"s:17:6:17:Infinity":6,"f:21:2:21:28":3,"b:23:4:26:Infinity:undefined:undefined:undefined:undefined":2,"s:23:4:26:Infinity":7,"s:24:6:24:Infinity":8,"s:25:6:25:Infinity":9,"s:37:4:37:Infinity":10,"s:38:4:38:Infinity":11,"f:41:2:41:37":4,"b:42:4:44:Infinity:undefined:undefined:undefined:undefined":3,"s:42:4:44:Infinity":12,"s:43:6:43:Infinity":13,"s:45:4:45:Infinity":14,"f:48:2:48:23":5,"s:49:4:49:Infinity":15,"f:52:2:52:9":6,"s:53:4:53:Infinity":16,"f:53:35:53:36":7,"s:53:43:53:55":17}}}
,"/home/chencao85/projects/tab_hero/src/lib/storage.ts": {"path":"/home/chencao85/projects/tab_hero/src/lib/storage.ts","statementMap":{"0":{"start":{"line":1,"column":27},"end":{"line":3,"column":null}},"1":{"start":{"line":2,"column":2},"end":{"line":2,"column":null}},"2":{"start":{"line":5,"column":27},"end":{"line":8,"column":null}},"3":{"start":{"line":6,"column":17},"end":{"line":6,"column":null}},"4":{"start":{"line":7,"column":2},"end":{"line":7,"column":null}}},"fnMap":{"0":{"name":"(anonymous_0)","decl":{"start":{"line":1,"column":27},"end":{"line":1,"column":28}},"loc":{"start":{"line":1,"column":63},"end":{"line":3,"column":null}},"line":1},"1":{"name":"(anonymous_1)","decl":{"start":{"line":5,"column":27},"end":{"line":5,"column":58}},"loc":{"start":{"line":5,"column":58},"end":{"line":8,"column":null}},"line":5}},"branchMap":{"0":{"loc":{"start":{"line":7,"column":9},"end":{"line":7,"column":null}},"type":"binary-expr","locations":[{"start":{"line":7,"column":9},"end":{"line":7,"column":30}},{"start":{"line":7,"column":30},"end":{"line":7,"column":null}}],"line":7}},"s":{"0":1,"1":1,"2":1,"3":2,"4":2},"f":{"0":1,"1":2},"b":{"0":[2,1]},"meta":{"lastBranch":1,"lastFunction":2,"lastStatement":5,"seen":{"s:1:27:3:Infinity":0,"f:1:27:1:28":0,"s:2:2:2:Infinity":1,"s:5:27:8:Infinity":2,"f:5:27:5:58":1,"s:6:17:6:Infinity":3,"s:7:2:7:Infinity":4,"b:7:9:7:30:7:30:7:Infinity":0}}}
,"/home/chencao85/projects/tab_hero/src/lib/utils.ts": {"path":"/home/chencao85/projects/tab_hero/src/lib/utils.ts","statementMap":{"0":{"start":{"line":5,"column":2},"end":{"line":5,"column":null}}},"fnMap":{"0":{"name":"cn","decl":{"start":{"line":4,"column":16},"end":{"line":4,"column":22}},"loc":{"start":{"line":4,"column":44},"end":{"line":6,"column":null}},"line":4}},"branchMap":{},"s":{"0":3},"f":{"0":3},"b":{},"meta":{"lastBranch":0,"lastFunction":1,"lastStatement":1,"seen":{"f:4:16:4:22":0,"s:5:2:5:Infinity":0}}}
}
